Vivado Simulator 2019.2
Copyright 1986-1999, 2001-2019 Xilinx, Inc. All Rights Reserved.
Running: D:/Xilink/Vivado/2019.2/bin/unwrapped/win64.o/xelab.exe -wto f150bc92365441a8bda2df3ecc42256f --incr --debug typical --relax --mt 2 -L xil_defaultlib -L unisims_ver -L unimacro_ver -L secureip --snapshot tb_rv32i_behav xil_defaultlib.tb_rv32i xil_defaultlib.glbl -log elaborate.log 
Using 2 slave threads.
Starting static elaboration
Pass Through NonSizing Optimizer
Completed static elaboration
Starting simulation data flow analysis
Completed simulation data flow analysis
Time Resolution for simulation is 1ps
Compiling module xil_defaultlib.pc_reg
Compiling module xil_defaultlib.instr_mem
Compiling module xil_defaultlib.reg_file
Compiling module xil_defaultlib.imm_gen
Compiling module xil_defaultlib.control_unit
Compiling module xil_defaultlib.hazard_unit
Compiling module xil_defaultlib.forwarding_unit
Compiling module xil_defaultlib.alu
Compiling module xil_defaultlib.data_mem
Compiling module xil_defaultlib.rv32i_pipeline
Compiling module xil_defaultlib.tb_rv32i
Compiling module xil_defaultlib.glbl
Built simulation snapshot tb_rv32i_behav
